<?xml version="1.0" encoding="UTF-8"?>
<!-- Generated by org.testng.reporters.JUnitXMLReporter -->
<testsuite ignored="2" hostname="Sayed-Sadat" failures="0" tests="1" name="Default test" time="11.355" errors="0" timestamp="2023-11-17T10:56:46 PST">
  <testcase classname="tests.LoginTest" name="test2" time="0.009"/>
  <testcase classname="tests.LoginTest" name="test3" time="0.0">
    <ignored/>
  </testcase> <!-- test3 -->
  <testcase classname="tests.LoginTest" name="test1" time="0.0">
    <ignored/>
  </testcase> <!-- test1 -->
</testsuite> <!-- Default test -->
