<?xml version="1.0" encoding="UTF-8"?>
<!-- Generated by org.testng.reporters.JUnitXMLReporter -->
<testsuite ignored="3" hostname="Sayed-Sadat" failures="0" tests="1" name="Default test" time="0.128" errors="0" timestamp="2023-12-09T13:34:22 PST">
  <testcase classname="tests.TestNG_Grouping" name="test3" time="0.017"/>
  <testcase classname="tests.TestNG_Grouping" name="test4" time="0.0">
    <ignored/>
  </testcase> <!-- test4 -->
  <testcase classname="tests.TestNG_Grouping" name="test2" time="0.0">
    <ignored/>
  </testcase> <!-- test2 -->
  <testcase classname="tests.TestNG_Grouping" name="test1" time="0.0">
    <ignored/>
  </testcase> <!-- test1 -->
</testsuite> <!-- Default test -->
