<?xml version="1.0" encoding="UTF-8"?>
<!-- Generated by org.testng.reporters.JUnitXMLReporter -->
<testsuite ignored="3" hostname="Sayed-Sadat" failures="0" tests="2" name="Test" time="0.36" errors="0" timestamp="2023-12-09T13:55:02 PST">
  <testcase classname="tests.TestNG_Grouping" name="test2" time="0.095"/>
  <testcase classname="tests.TestNG_Grouping" name="test4" time="0.003"/>
  <testcase classname="tests.TestNG_Grouping" name="test3" time="0.0">
    <ignored/>
  </testcase> <!-- test3 -->
  <testcase classname="tests.TestNG_Grouping" name="test5" time="0.0">
    <ignored/>
  </testcase> <!-- test5 -->
  <testcase classname="tests.TestNG_Grouping" name="test1" time="0.0">
    <ignored/>
  </testcase> <!-- test1 -->
</testsuite> <!-- Test -->
