<?xml version="1.0" encoding="UTF-8"?>
<!-- Generated by org.testng.reporters.JUnitXMLReporter -->
<testsuite ignored="1" hostname="DESKTOP-70IQL56" failures="0" tests="1" name="Default test(failed)(failed)" time="8.316" errors="0" timestamp="2024-01-13T12:29:40 PST">
  <testcase classname="tests.Assertions_Hard" name="test1" time="1.663"/>
  <testcase classname="tests.Assertions_Hard" name="test2" time="0.0">
    <ignored/>
  </testcase> <!-- test2 -->
</testsuite> <!-- Default test(failed)(failed) -->
