<?xml version="1.0" encoding="UTF-8"?>
<testng-results ignored="0" total="1" passed="1" failed="0" skipped="0">
  <reporter-output>
  </reporter-output>
  <suite started-at="2023-11-17T10:56:34 PST" name="Default suite" finished-at="2023-11-17T10:56:46 PST" duration-ms="11355">
    <groups>
    </groups>
    <test started-at="2023-11-17T10:56:34 PST" name="Default test" finished-at="2023-11-17T10:56:46 PST" duration-ms="11355">
      <class name="tests.LoginTest">
        <test-method is-config="true" signature="beforeTest()[pri:0, instance:tests.LoginTest@25748410]" started-at="2023-11-17T10:56:34 PST" name="beforeTest" finished-at="2023-11-17T10:56:45 PST" duration-ms="10578" status="PASS">
          <reporter-output>
          </reporter-output>
        </test-method> <!-- beforeTest -->
        <test-method signature="test2()[pri:0, instance:tests.LoginTest@25748410]" started-at="2023-11-17T10:56:45 PST" name="test2" finished-at="2023-11-17T10:56:45 PST" duration-ms="9" status="PASS">
          <reporter-output>
          </reporter-output>
        </test-method> <!-- test2 -->
        <test-method is-config="true" signature="afterTest()[pri:0, instance:tests.LoginTest@25748410]" started-at="2023-11-17T10:56:45 PST" name="afterTest" finished-at="2023-11-17T10:56:46 PST" duration-ms="701" status="PASS">
          <reporter-output>
          </reporter-output>
        </test-method> <!-- afterTest -->
      </class> <!-- tests.LoginTest -->
    </test> <!-- Default test -->
  </suite> <!-- Default suite -->
</testng-results>
